2024-04-12 12:05:30,957 INFO    StreamThr :2986366 [internal.py:wandb_internal():86] W&B internal server running at pid: 2986366, started at: 2024-04-12 12:05:30.955686
2024-04-12 12:05:30,963 DEBUG   HandlerThread:2986366 [handler.py:handle_request():146] handle_request: status
2024-04-12 12:05:30,967 INFO    WriterThread:2986366 [datastore.py:open_for_write():87] open: /Data4/student_zhihan_data/Diffusion/DeepLayout/layout_transformer/wandb/run-20240412_120530-ubcwgpxm/run-ubcwgpxm.wandb
2024-04-12 12:05:30,971 DEBUG   SenderThread:2986366 [sender.py:send():378] send: header
2024-04-12 12:05:31,026 DEBUG   SenderThread:2986366 [sender.py:send():378] send: run
2024-04-12 12:05:31,571 INFO    SenderThread:2986366 [dir_watcher.py:__init__():211] watching files in: /Data4/student_zhihan_data/Diffusion/DeepLayout/layout_transformer/wandb/run-20240412_120530-ubcwgpxm/files
2024-04-12 12:05:31,572 INFO    SenderThread:2986366 [sender.py:_start_run_threads():1099] run started: ubcwgpxm with start time 1712894730.953147
2024-04-12 12:05:31,594 DEBUG   HandlerThread:2986366 [handler.py:handle_request():146] handle_request: check_version
2024-04-12 12:05:31,594 DEBUG   SenderThread:2986366 [sender.py:send_request():405] send_request: check_version
2024-04-12 12:05:31,654 DEBUG   HandlerThread:2986366 [handler.py:handle_request():146] handle_request: run_start
2024-04-12 12:05:31,662 DEBUG   HandlerThread:2986366 [system_info.py:__init__():26] System info init
2024-04-12 12:05:31,662 DEBUG   HandlerThread:2986366 [system_info.py:__init__():41] System info init done
2024-04-12 12:05:31,663 INFO    HandlerThread:2986366 [system_monitor.py:start():194] Starting system monitor
2024-04-12 12:05:31,663 INFO    HandlerThread:2986366 [system_monitor.py:probe():214] Collecting system info
2024-04-12 12:05:31,663 INFO    SystemMonitor:2986366 [system_monitor.py:_start():158] Starting system asset monitoring threads
2024-04-12 12:05:31,666 INFO    SystemMonitor:2986366 [interfaces.py:start():190] Started cpu monitoring
2024-04-12 12:05:31,669 INFO    SystemMonitor:2986366 [interfaces.py:start():190] Started disk monitoring
2024-04-12 12:05:31,672 INFO    SystemMonitor:2986366 [interfaces.py:start():190] Started gpu monitoring
2024-04-12 12:05:31,674 INFO    SystemMonitor:2986366 [interfaces.py:start():190] Started memory monitoring
2024-04-12 12:05:31,676 INFO    SystemMonitor:2986366 [interfaces.py:start():190] Started network monitoring
2024-04-12 12:05:31,758 DEBUG   HandlerThread:2986366 [system_info.py:probe():150] Probing system
2024-04-12 12:05:31,766 DEBUG   HandlerThread:2986366 [system_info.py:_probe_git():135] Probing git
2024-04-12 12:05:31,785 DEBUG   HandlerThread:2986366 [system_info.py:_probe_git():143] Probing git done
2024-04-12 12:05:31,785 DEBUG   HandlerThread:2986366 [system_info.py:probe():198] Probing system done
2024-04-12 12:05:31,785 DEBUG   HandlerThread:2986366 [system_monitor.py:probe():223] {'os': 'Linux-5.15.0-69-generic-x86_64-with-glibc2.10', 'python': '3.8.5', 'heartbeatAt': '2024-04-12T04:05:31.758438', 'startedAt': '2024-04-12T04:05:30.941556', 'docker': None, 'cuda': None, 'args': (), 'state': 'running', 'program': '/Data4/student_zhihan_data/Diffusion/DeepLayout/layout_transformer/main.py', 'codePathLocal': 'main.py', 'codePath': 'layout_transformer/main.py', 'git': {'remote': 'https://github.com/kampta/DeepLayout.git', 'commit': '60ebaca7f29a14d92c455f83e681c0bd8e2962fe'}, 'email': '1159123116@qq.com', 'root': '/Data4/student_zhihan_data/Diffusion/DeepLayout', 'host': 'kav-gpu-level12', 'username': 'student_zhihan', 'executable': '/Data4/student_zhihan_data/Anaconda3/envs/control/bin/python', 'cpu_count': 6, 'cpu_count_logical': 12, 'cpu_freq': {'current': 2543.9169166666666, 'min': 1200.0, 'max': 4000.0}, 'cpu_freq_per_core': [{'current': 3618.418, 'min': 1200.0, 'max': 4000.0}, {'current': 3600.0, 'min': 1200.0, 'max': 4000.0}, {'current': 3300.0, 'min': 1200.0, 'max': 4000.0}, {'current': 2661.96, 'min': 1200.0, 'max': 4000.0}, {'current': 4000.0, 'min': 1200.0, 'max': 4000.0}, {'current': 3797.685, 'min': 1200.0, 'max': 4000.0}, {'current': 4000.0, 'min': 1200.0, 'max': 4000.0}, {'current': 2300.0, 'min': 1200.0, 'max': 4000.0}, {'current': 1500.0, 'min': 1200.0, 'max': 4000.0}, {'current': 1800.0, 'min': 1200.0, 'max': 4000.0}, {'current': 1300.0, 'min': 1200.0, 'max': 4000.0}, {'current': 1500.0, 'min': 1200.0, 'max': 4000.0}], 'disk': {'/': {'total': 1832.2072448730469, 'used': 1078.6475524902344}}, 'gpu': 'NVIDIA TITAN Xp', 'gpu_count': 4, 'gpu_devices': [{'name': 'NVIDIA TITAN Xp', 'memory_total': 12884901888}, {'name': 'NVIDIA TITAN Xp', 'memory_total': 12884901888}, {'name': 'NVIDIA TITAN Xp', 'memory_total': 12884901888}, {'name': 'NVIDIA TITAN Xp', 'memory_total': 12884901888}], 'memory': {'total': 125.7182846069336}}
2024-04-12 12:05:31,786 INFO    HandlerThread:2986366 [system_monitor.py:probe():224] Finished collecting system info
2024-04-12 12:05:31,786 INFO    HandlerThread:2986366 [system_monitor.py:probe():227] Publishing system info
2024-04-12 12:05:31,786 DEBUG   HandlerThread:2986366 [system_info.py:_save_conda():207] Saving list of conda packages installed into the current environment
2024-04-12 12:05:32,579 INFO    Thread-17 :2986366 [dir_watcher.py:_on_file_created():271] file/dir created: /Data4/student_zhihan_data/Diffusion/DeepLayout/layout_transformer/wandb/run-20240412_120530-ubcwgpxm/files/conda-environment.yaml
2024-04-12 12:05:35,337 DEBUG   HandlerThread:2986366 [system_info.py:_save_conda():219] Saving conda packages done
2024-04-12 12:05:35,340 INFO    HandlerThread:2986366 [system_monitor.py:probe():229] Finished publishing system info
2024-04-12 12:05:35,350 DEBUG   SenderThread:2986366 [sender.py:send():378] send: files
2024-04-12 12:05:35,351 INFO    SenderThread:2986366 [sender.py:_save_file():1365] saving file wandb-metadata.json with policy now
2024-04-12 12:05:35,574 INFO    Thread-17 :2986366 [dir_watcher.py:_on_file_modified():288] file/dir modified: /Data4/student_zhihan_data/Diffusion/DeepLayout/layout_transformer/wandb/run-20240412_120530-ubcwgpxm/files/conda-environment.yaml
2024-04-12 12:05:35,575 INFO    Thread-17 :2986366 [dir_watcher.py:_on_file_created():271] file/dir created: /Data4/student_zhihan_data/Diffusion/DeepLayout/layout_transformer/wandb/run-20240412_120530-ubcwgpxm/files/wandb-metadata.json
2024-04-12 12:05:36,092 DEBUG   HandlerThread:2986366 [handler.py:handle_request():146] handle_request: python_packages
2024-04-12 12:05:36,093 DEBUG   SenderThread:2986366 [sender.py:send_request():405] send_request: python_packages
2024-04-12 12:05:36,094 DEBUG   HandlerThread:2986366 [handler.py:handle_request():146] handle_request: status_report
2024-04-12 12:05:36,098 DEBUG   HandlerThread:2986366 [handler.py:handle_request():146] handle_request: stop_status
2024-04-12 12:05:36,099 DEBUG   SenderThread:2986366 [sender.py:send_request():405] send_request: stop_status
2024-04-12 12:05:36,108 DEBUG   HandlerThread:2986366 [handler.py:handle_request():146] handle_request: internal_messages
2024-04-12 12:05:36,575 INFO    Thread-17 :2986366 [dir_watcher.py:_on_file_created():271] file/dir created: /Data4/student_zhihan_data/Diffusion/DeepLayout/layout_transformer/wandb/run-20240412_120530-ubcwgpxm/files/requirements.txt
2024-04-12 12:05:42,100 DEBUG   HandlerThread:2986366 [handler.py:handle_request():146] handle_request: keepalive
2024-04-12 12:05:47,101 DEBUG   HandlerThread:2986366 [handler.py:handle_request():146] handle_request: keepalive
2024-04-12 12:05:51,100 DEBUG   HandlerThread:2986366 [handler.py:handle_request():146] handle_request: internal_messages
2024-04-12 12:05:56,103 DEBUG   HandlerThread:2986366 [handler.py:handle_request():146] handle_request: keepalive
2024-04-12 12:06:01,104 DEBUG   HandlerThread:2986366 [handler.py:handle_request():146] handle_request: keepalive
2024-04-12 12:06:06,100 DEBUG   HandlerThread:2986366 [handler.py:handle_request():146] handle_request: internal_messages
2024-04-12 12:06:11,106 DEBUG   HandlerThread:2986366 [handler.py:handle_request():146] handle_request: keepalive
2024-04-12 12:06:16,107 DEBUG   HandlerThread:2986366 [handler.py:handle_request():146] handle_request: keepalive
2024-04-12 12:06:16,819 INFO    wandb-upload_0:2986366 [retry.py:__call__():172] Retry attempt failed:
Traceback (most recent call last):
  File "/Data4/student_zhihan_data/Anaconda3/envs/control/lib/python3.8/site-packages/urllib3/connectionpool.py", line 449, in _make_request
    six.raise_from(e, None)
  File "<string>", line 3, in raise_from
  File "/Data4/student_zhihan_data/Anaconda3/envs/control/lib/python3.8/site-packages/urllib3/connectionpool.py", line 444, in _make_request
    httplib_response = conn.getresponse()
  File "/Data4/student_zhihan_data/Anaconda3/envs/control/lib/python3.8/http/client.py", line 1347, in getresponse
    response.begin()
  File "/Data4/student_zhihan_data/Anaconda3/envs/control/lib/python3.8/http/client.py", line 307, in begin
    version, status, reason = self._read_status()
  File "/Data4/student_zhihan_data/Anaconda3/envs/control/lib/python3.8/http/client.py", line 268, in _read_status
    line = str(self.fp.readline(_MAXLINE + 1), "iso-8859-1")
  File "/Data4/student_zhihan_data/Anaconda3/envs/control/lib/python3.8/socket.py", line 669, in readinto
    return self._sock.recv_into(b)
  File "/Data4/student_zhihan_data/Anaconda3/envs/control/lib/python3.8/ssl.py", line 1241, in recv_into
    return self.read(nbytes, buffer)
  File "/Data4/student_zhihan_data/Anaconda3/envs/control/lib/python3.8/ssl.py", line 1099, in read
    return self._sslobj.read(len, buffer)
socket.timeout: The read operation timed out

During handling of the above exception, another exception occurred:

Traceback (most recent call last):
  File "/Data4/student_zhihan_data/Anaconda3/envs/control/lib/python3.8/site-packages/requests/adapters.py", line 486, in send
    resp = conn.urlopen(
  File "/Data4/student_zhihan_data/Anaconda3/envs/control/lib/python3.8/site-packages/urllib3/connectionpool.py", line 787, in urlopen
    retries = retries.increment(
  File "/Data4/student_zhihan_data/Anaconda3/envs/control/lib/python3.8/site-packages/urllib3/util/retry.py", line 550, in increment
    raise six.reraise(type(error), error, _stacktrace)
  File "/Data4/student_zhihan_data/Anaconda3/envs/control/lib/python3.8/site-packages/urllib3/packages/six.py", line 770, in reraise
    raise value
  File "/Data4/student_zhihan_data/Anaconda3/envs/control/lib/python3.8/site-packages/urllib3/connectionpool.py", line 703, in urlopen
    httplib_response = self._make_request(
  File "/Data4/student_zhihan_data/Anaconda3/envs/control/lib/python3.8/site-packages/urllib3/connectionpool.py", line 451, in _make_request
    self._raise_timeout(err=e, url=url, timeout_value=read_timeout)
  File "/Data4/student_zhihan_data/Anaconda3/envs/control/lib/python3.8/site-packages/urllib3/connectionpool.py", line 340, in _raise_timeout
    raise ReadTimeoutError(
urllib3.exceptions.ReadTimeoutError: HTTPSConnectionPool(host='api.wandb.ai', port=443): Read timed out. (read timeout=20)

During handling of the above exception, another exception occurred:

Traceback (most recent call last):
  File "/Data4/student_zhihan_data/Anaconda3/envs/control/lib/python3.8/site-packages/wandb/sdk/lib/retry.py", line 131, in __call__
    result = self._call_fn(*args, **kwargs)
  File "/Data4/student_zhihan_data/Anaconda3/envs/control/lib/python3.8/site-packages/wandb/sdk/internal/internal_api.py", line 369, in execute
    return self.client.execute(*args, **kwargs)  # type: ignore
  File "/Data4/student_zhihan_data/Anaconda3/envs/control/lib/python3.8/site-packages/wandb/vendor/gql-0.2.0/wandb_gql/client.py", line 52, in execute
    result = self._get_result(document, *args, **kwargs)
  File "/Data4/student_zhihan_data/Anaconda3/envs/control/lib/python3.8/site-packages/wandb/vendor/gql-0.2.0/wandb_gql/client.py", line 60, in _get_result
    return self.transport.execute(document, *args, **kwargs)
  File "/Data4/student_zhihan_data/Anaconda3/envs/control/lib/python3.8/site-packages/wandb/sdk/lib/gql_request.py", line 58, in execute
    request = self.session.post(self.url, **post_args)
  File "/Data4/student_zhihan_data/Anaconda3/envs/control/lib/python3.8/site-packages/requests/sessions.py", line 637, in post
    return self.request("POST", url, data=data, json=json, **kwargs)
  File "/Data4/student_zhihan_data/Anaconda3/envs/control/lib/python3.8/site-packages/requests/sessions.py", line 589, in request
    resp = self.send(prep, **send_kwargs)
  File "/Data4/student_zhihan_data/Anaconda3/envs/control/lib/python3.8/site-packages/requests/sessions.py", line 703, in send
    r = adapter.send(request, **kwargs)
  File "/Data4/student_zhihan_data/Anaconda3/envs/control/lib/python3.8/site-packages/requests/adapters.py", line 532, in send
    raise ReadTimeout(e, request=request)
requests.exceptions.ReadTimeout: HTTPSConnectionPool(host='api.wandb.ai', port=443): Read timed out. (read timeout=20)
2024-04-12 12:06:17,363 INFO    SenderThread:2986366 [retry.py:__call__():172] Retry attempt failed:
Traceback (most recent call last):
  File "/Data4/student_zhihan_data/Anaconda3/envs/control/lib/python3.8/site-packages/urllib3/connectionpool.py", line 449, in _make_request
    six.raise_from(e, None)
  File "<string>", line 3, in raise_from
  File "/Data4/student_zhihan_data/Anaconda3/envs/control/lib/python3.8/site-packages/urllib3/connectionpool.py", line 444, in _make_request
    httplib_response = conn.getresponse()
  File "/Data4/student_zhihan_data/Anaconda3/envs/control/lib/python3.8/http/client.py", line 1347, in getresponse
    response.begin()
  File "/Data4/student_zhihan_data/Anaconda3/envs/control/lib/python3.8/http/client.py", line 307, in begin
    version, status, reason = self._read_status()
  File "/Data4/student_zhihan_data/Anaconda3/envs/control/lib/python3.8/http/client.py", line 268, in _read_status
    line = str(self.fp.readline(_MAXLINE + 1), "iso-8859-1")
  File "/Data4/student_zhihan_data/Anaconda3/envs/control/lib/python3.8/socket.py", line 669, in readinto
    return self._sock.recv_into(b)
  File "/Data4/student_zhihan_data/Anaconda3/envs/control/lib/python3.8/ssl.py", line 1241, in recv_into
    return self.read(nbytes, buffer)
  File "/Data4/student_zhihan_data/Anaconda3/envs/control/lib/python3.8/ssl.py", line 1099, in read
    return self._sslobj.read(len, buffer)
socket.timeout: The read operation timed out

During handling of the above exception, another exception occurred:

Traceback (most recent call last):
  File "/Data4/student_zhihan_data/Anaconda3/envs/control/lib/python3.8/site-packages/requests/adapters.py", line 486, in send
    resp = conn.urlopen(
  File "/Data4/student_zhihan_data/Anaconda3/envs/control/lib/python3.8/site-packages/urllib3/connectionpool.py", line 787, in urlopen
    retries = retries.increment(
  File "/Data4/student_zhihan_data/Anaconda3/envs/control/lib/python3.8/site-packages/urllib3/util/retry.py", line 550, in increment
    raise six.reraise(type(error), error, _stacktrace)
  File "/Data4/student_zhihan_data/Anaconda3/envs/control/lib/python3.8/site-packages/urllib3/packages/six.py", line 770, in reraise
    raise value
  File "/Data4/student_zhihan_data/Anaconda3/envs/control/lib/python3.8/site-packages/urllib3/connectionpool.py", line 703, in urlopen
    httplib_response = self._make_request(
  File "/Data4/student_zhihan_data/Anaconda3/envs/control/lib/python3.8/site-packages/urllib3/connectionpool.py", line 451, in _make_request
    self._raise_timeout(err=e, url=url, timeout_value=read_timeout)
  File "/Data4/student_zhihan_data/Anaconda3/envs/control/lib/python3.8/site-packages/urllib3/connectionpool.py", line 340, in _raise_timeout
    raise ReadTimeoutError(
urllib3.exceptions.ReadTimeoutError: HTTPSConnectionPool(host='api.wandb.ai', port=443): Read timed out. (read timeout=20)

During handling of the above exception, another exception occurred:

Traceback (most recent call last):
  File "/Data4/student_zhihan_data/Anaconda3/envs/control/lib/python3.8/site-packages/wandb/sdk/lib/retry.py", line 131, in __call__
    result = self._call_fn(*args, **kwargs)
  File "/Data4/student_zhihan_data/Anaconda3/envs/control/lib/python3.8/site-packages/wandb/sdk/internal/internal_api.py", line 369, in execute
    return self.client.execute(*args, **kwargs)  # type: ignore
  File "/Data4/student_zhihan_data/Anaconda3/envs/control/lib/python3.8/site-packages/wandb/vendor/gql-0.2.0/wandb_gql/client.py", line 52, in execute
    result = self._get_result(document, *args, **kwargs)
  File "/Data4/student_zhihan_data/Anaconda3/envs/control/lib/python3.8/site-packages/wandb/vendor/gql-0.2.0/wandb_gql/client.py", line 60, in _get_result
    return self.transport.execute(document, *args, **kwargs)
  File "/Data4/student_zhihan_data/Anaconda3/envs/control/lib/python3.8/site-packages/wandb/sdk/lib/gql_request.py", line 58, in execute
    request = self.session.post(self.url, **post_args)
  File "/Data4/student_zhihan_data/Anaconda3/envs/control/lib/python3.8/site-packages/requests/sessions.py", line 637, in post
    return self.request("POST", url, data=data, json=json, **kwargs)
  File "/Data4/student_zhihan_data/Anaconda3/envs/control/lib/python3.8/site-packages/requests/sessions.py", line 589, in request
    resp = self.send(prep, **send_kwargs)
  File "/Data4/student_zhihan_data/Anaconda3/envs/control/lib/python3.8/site-packages/requests/sessions.py", line 703, in send
    r = adapter.send(request, **kwargs)
  File "/Data4/student_zhihan_data/Anaconda3/envs/control/lib/python3.8/site-packages/requests/adapters.py", line 532, in send
    raise ReadTimeout(e, request=request)
requests.exceptions.ReadTimeout: HTTPSConnectionPool(host='api.wandb.ai', port=443): Read timed out. (read timeout=20)
2024-04-12 12:06:21,100 DEBUG   HandlerThread:2986366 [handler.py:handle_request():146] handle_request: internal_messages
2024-04-12 12:06:22,300 INFO    wandb-upload_0:2986366 [upload_job.py:push():131] Uploaded file /tmp/tmpku7otpthwandb/03g9ut6a-wandb-metadata.json
2024-04-12 12:06:25,015 DEBUG   SenderThread:2986366 [sender.py:send():378] send: telemetry
2024-04-12 12:06:25,016 DEBUG   HandlerThread:2986366 [handler.py:handle_request():146] handle_request: status_report
2024-04-12 12:06:25,016 DEBUG   SenderThread:2986366 [sender.py:send():378] send: config
2024-04-12 12:06:25,595 INFO    Thread-17 :2986366 [dir_watcher.py:_on_file_created():271] file/dir created: /Data4/student_zhihan_data/Diffusion/DeepLayout/layout_transformer/wandb/run-20240412_120530-ubcwgpxm/files/output.log
2024-04-12 12:06:26,109 DEBUG   HandlerThread:2986366 [handler.py:handle_request():146] handle_request: keepalive
2024-04-12 12:06:27,597 INFO    Thread-17 :2986366 [dir_watcher.py:_on_file_modified():288] file/dir modified: /Data4/student_zhihan_data/Diffusion/DeepLayout/layout_transformer/wandb/run-20240412_120530-ubcwgpxm/files/output.log
2024-04-12 12:06:30,021 DEBUG   HandlerThread:2986366 [handler.py:handle_request():146] handle_request: status_report
2024-04-12 12:06:31,110 DEBUG   HandlerThread:2986366 [handler.py:handle_request():146] handle_request: keepalive
2024-04-12 12:06:31,677 DEBUG   SystemMonitor:2986366 [system_monitor.py:_start():172] Starting system metrics aggregation loop
2024-04-12 12:06:31,680 DEBUG   SenderThread:2986366 [sender.py:send():378] send: stats
2024-04-12 12:06:35,682 DEBUG   HandlerThread:2986366 [handler.py:handle_request():146] handle_request: status_report
2024-04-12 12:06:36,100 DEBUG   HandlerThread:2986366 [handler.py:handle_request():146] handle_request: internal_messages
2024-04-12 12:06:40,682 DEBUG   HandlerThread:2986366 [handler.py:handle_request():146] handle_request: status_report
2024-04-12 12:06:41,112 DEBUG   HandlerThread:2986366 [handler.py:handle_request():146] handle_request: keepalive
2024-04-12 12:06:45,686 DEBUG   HandlerThread:2986366 [handler.py:handle_request():146] handle_request: status_report
2024-04-12 12:06:46,113 DEBUG   HandlerThread:2986366 [handler.py:handle_request():146] handle_request: keepalive
2024-04-12 12:06:50,686 DEBUG   HandlerThread:2986366 [handler.py:handle_request():146] handle_request: status_report
2024-04-12 12:06:51,100 DEBUG   HandlerThread:2986366 [handler.py:handle_request():146] handle_request: internal_messages
2024-04-12 12:06:55,692 DEBUG   HandlerThread:2986366 [handler.py:handle_request():146] handle_request: status_report
2024-04-12 12:06:56,115 DEBUG   HandlerThread:2986366 [handler.py:handle_request():146] handle_request: keepalive
2024-04-12 12:06:56,613 INFO    Thread-17 :2986366 [dir_watcher.py:_on_file_modified():288] file/dir modified: /Data4/student_zhihan_data/Diffusion/DeepLayout/layout_transformer/wandb/run-20240412_120530-ubcwgpxm/files/config.yaml
2024-04-12 12:07:00,975 DEBUG   HandlerThread:2986366 [handler.py:handle_request():146] handle_request: status_report
2024-04-12 12:07:01,116 DEBUG   HandlerThread:2986366 [handler.py:handle_request():146] handle_request: keepalive
2024-04-12 12:07:01,682 DEBUG   SenderThread:2986366 [sender.py:send():378] send: stats
2024-04-12 12:07:06,100 DEBUG   HandlerThread:2986366 [handler.py:handle_request():146] handle_request: internal_messages
2024-04-12 12:07:06,684 DEBUG   HandlerThread:2986366 [handler.py:handle_request():146] handle_request: status_report
2024-04-12 12:07:11,118 DEBUG   HandlerThread:2986366 [handler.py:handle_request():146] handle_request: keepalive
2024-04-12 12:07:11,685 DEBUG   HandlerThread:2986366 [handler.py:handle_request():146] handle_request: status_report
2024-04-12 12:07:16,119 DEBUG   HandlerThread:2986366 [handler.py:handle_request():146] handle_request: keepalive
2024-04-12 12:07:16,685 DEBUG   HandlerThread:2986366 [handler.py:handle_request():146] handle_request: status_report
2024-04-12 12:07:21,100 DEBUG   HandlerThread:2986366 [handler.py:handle_request():146] handle_request: internal_messages
2024-04-12 12:07:21,686 DEBUG   HandlerThread:2986366 [handler.py:handle_request():146] handle_request: status_report
2024-04-12 12:07:26,121 DEBUG   HandlerThread:2986366 [handler.py:handle_request():146] handle_request: keepalive
2024-04-12 12:07:26,687 DEBUG   HandlerThread:2986366 [handler.py:handle_request():146] handle_request: status_report
2024-04-12 12:07:31,122 DEBUG   HandlerThread:2986366 [handler.py:handle_request():146] handle_request: keepalive
2024-04-12 12:07:31,683 DEBUG   SenderThread:2986366 [sender.py:send():378] send: stats
2024-04-12 12:07:32,685 DEBUG   HandlerThread:2986366 [handler.py:handle_request():146] handle_request: status_report
2024-04-12 12:07:36,100 DEBUG   HandlerThread:2986366 [handler.py:handle_request():146] handle_request: internal_messages
2024-04-12 12:07:37,686 DEBUG   HandlerThread:2986366 [handler.py:handle_request():146] handle_request: status_report
2024-04-12 12:07:41,124 DEBUG   HandlerThread:2986366 [handler.py:handle_request():146] handle_request: keepalive
2024-04-12 12:07:42,686 DEBUG   HandlerThread:2986366 [handler.py:handle_request():146] handle_request: status_report
2024-04-12 12:07:46,125 DEBUG   HandlerThread:2986366 [handler.py:handle_request():146] handle_request: keepalive
2024-04-12 12:07:47,687 DEBUG   HandlerThread:2986366 [handler.py:handle_request():146] handle_request: status_report
2024-04-12 12:07:51,101 DEBUG   HandlerThread:2986366 [handler.py:handle_request():146] handle_request: internal_messages
2024-04-12 12:07:52,688 DEBUG   HandlerThread:2986366 [handler.py:handle_request():146] handle_request: status_report
2024-04-12 12:07:56,127 DEBUG   HandlerThread:2986366 [handler.py:handle_request():146] handle_request: keepalive
2024-04-12 12:07:57,689 DEBUG   HandlerThread:2986366 [handler.py:handle_request():146] handle_request: status_report
2024-04-12 12:08:01,128 DEBUG   HandlerThread:2986366 [handler.py:handle_request():146] handle_request: keepalive
2024-04-12 12:08:01,686 DEBUG   SenderThread:2986366 [sender.py:send():378] send: stats
2024-04-12 12:08:03,687 DEBUG   HandlerThread:2986366 [handler.py:handle_request():146] handle_request: status_report
2024-04-12 12:08:06,101 DEBUG   HandlerThread:2986366 [handler.py:handle_request():146] handle_request: internal_messages
2024-04-12 12:08:08,688 DEBUG   HandlerThread:2986366 [handler.py:handle_request():146] handle_request: status_report
2024-04-12 12:08:11,130 DEBUG   HandlerThread:2986366 [handler.py:handle_request():146] handle_request: keepalive
2024-04-12 12:08:13,689 DEBUG   HandlerThread:2986366 [handler.py:handle_request():146] handle_request: status_report
2024-04-12 12:08:16,131 DEBUG   HandlerThread:2986366 [handler.py:handle_request():146] handle_request: keepalive
2024-04-12 12:08:18,689 DEBUG   HandlerThread:2986366 [handler.py:handle_request():146] handle_request: status_report
2024-04-12 12:08:21,101 DEBUG   HandlerThread:2986366 [handler.py:handle_request():146] handle_request: internal_messages
2024-04-12 12:08:23,690 DEBUG   HandlerThread:2986366 [handler.py:handle_request():146] handle_request: status_report
2024-04-12 12:08:26,133 DEBUG   HandlerThread:2986366 [handler.py:handle_request():146] handle_request: keepalive
2024-04-12 12:08:28,691 DEBUG   HandlerThread:2986366 [handler.py:handle_request():146] handle_request: status_report
2024-04-12 12:08:31,134 DEBUG   HandlerThread:2986366 [handler.py:handle_request():146] handle_request: keepalive
2024-04-12 12:08:31,688 DEBUG   SenderThread:2986366 [sender.py:send():378] send: stats
2024-04-12 12:08:34,690 DEBUG   HandlerThread:2986366 [handler.py:handle_request():146] handle_request: status_report
2024-04-12 12:08:36,101 DEBUG   HandlerThread:2986366 [handler.py:handle_request():146] handle_request: internal_messages
2024-04-12 12:08:39,690 DEBUG   HandlerThread:2986366 [handler.py:handle_request():146] handle_request: status_report
2024-04-12 12:08:41,136 DEBUG   HandlerThread:2986366 [handler.py:handle_request():146] handle_request: keepalive
2024-04-12 12:08:44,691 DEBUG   HandlerThread:2986366 [handler.py:handle_request():146] handle_request: status_report
2024-04-12 12:08:46,137 DEBUG   HandlerThread:2986366 [handler.py:handle_request():146] handle_request: keepalive
2024-04-12 12:08:49,692 DEBUG   HandlerThread:2986366 [handler.py:handle_request():146] handle_request: status_report
2024-04-12 12:08:51,101 DEBUG   HandlerThread:2986366 [handler.py:handle_request():146] handle_request: internal_messages
2024-04-12 12:08:54,693 DEBUG   HandlerThread:2986366 [handler.py:handle_request():146] handle_request: status_report
2024-04-12 12:08:56,139 DEBUG   HandlerThread:2986366 [handler.py:handle_request():146] handle_request: keepalive
2024-04-12 12:08:59,694 DEBUG   HandlerThread:2986366 [handler.py:handle_request():146] handle_request: status_report
2024-04-12 12:09:01,140 DEBUG   HandlerThread:2986366 [handler.py:handle_request():146] handle_request: keepalive
2024-04-12 12:09:01,690 DEBUG   SenderThread:2986366 [sender.py:send():378] send: stats
2024-04-12 12:09:05,692 DEBUG   HandlerThread:2986366 [handler.py:handle_request():146] handle_request: status_report
2024-04-12 12:09:06,101 DEBUG   HandlerThread:2986366 [handler.py:handle_request():146] handle_request: internal_messages
2024-04-12 12:09:10,693 DEBUG   HandlerThread:2986366 [handler.py:handle_request():146] handle_request: status_report
2024-04-12 12:09:11,143 DEBUG   HandlerThread:2986366 [handler.py:handle_request():146] handle_request: keepalive
2024-04-12 12:09:15,693 DEBUG   HandlerThread:2986366 [handler.py:handle_request():146] handle_request: status_report
2024-04-12 12:09:16,143 DEBUG   HandlerThread:2986366 [handler.py:handle_request():146] handle_request: keepalive
2024-04-12 12:09:20,694 DEBUG   HandlerThread:2986366 [handler.py:handle_request():146] handle_request: status_report
2024-04-12 12:09:21,101 DEBUG   HandlerThread:2986366 [handler.py:handle_request():146] handle_request: internal_messages
2024-04-12 12:09:25,695 DEBUG   HandlerThread:2986366 [handler.py:handle_request():146] handle_request: status_report
2024-04-12 12:09:26,145 DEBUG   HandlerThread:2986366 [handler.py:handle_request():146] handle_request: keepalive
2024-04-12 12:09:30,696 DEBUG   HandlerThread:2986366 [handler.py:handle_request():146] handle_request: status_report
2024-04-12 12:09:31,146 DEBUG   HandlerThread:2986366 [handler.py:handle_request():146] handle_request: keepalive
2024-04-12 12:09:31,692 DEBUG   SenderThread:2986366 [sender.py:send():378] send: stats
2024-04-12 12:09:36,101 DEBUG   HandlerThread:2986366 [handler.py:handle_request():146] handle_request: internal_messages
2024-04-12 12:09:36,693 DEBUG   HandlerThread:2986366 [handler.py:handle_request():146] handle_request: status_report
2024-04-12 12:09:41,148 DEBUG   HandlerThread:2986366 [handler.py:handle_request():146] handle_request: keepalive
2024-04-12 12:09:41,694 DEBUG   HandlerThread:2986366 [handler.py:handle_request():146] handle_request: status_report
2024-04-12 12:09:46,149 DEBUG   HandlerThread:2986366 [handler.py:handle_request():146] handle_request: keepalive
2024-04-12 12:09:46,695 DEBUG   HandlerThread:2986366 [handler.py:handle_request():146] handle_request: status_report
2024-04-12 12:09:51,102 DEBUG   HandlerThread:2986366 [handler.py:handle_request():146] handle_request: internal_messages
2024-04-12 12:09:51,696 DEBUG   HandlerThread:2986366 [handler.py:handle_request():146] handle_request: status_report
2024-04-12 12:09:56,151 DEBUG   HandlerThread:2986366 [handler.py:handle_request():146] handle_request: keepalive
2024-04-12 12:09:56,697 DEBUG   HandlerThread:2986366 [handler.py:handle_request():146] handle_request: status_report
2024-04-12 12:10:01,152 DEBUG   HandlerThread:2986366 [handler.py:handle_request():146] handle_request: keepalive
2024-04-12 12:10:01,694 DEBUG   SenderThread:2986366 [sender.py:send():378] send: stats
2024-04-12 12:10:02,695 DEBUG   HandlerThread:2986366 [handler.py:handle_request():146] handle_request: status_report
2024-04-12 12:10:06,101 DEBUG   HandlerThread:2986366 [handler.py:handle_request():146] handle_request: internal_messages
2024-04-12 12:10:07,695 DEBUG   HandlerThread:2986366 [handler.py:handle_request():146] handle_request: status_report
2024-04-12 12:10:11,154 DEBUG   HandlerThread:2986366 [handler.py:handle_request():146] handle_request: keepalive
2024-04-12 12:10:12,697 DEBUG   HandlerThread:2986366 [handler.py:handle_request():146] handle_request: status_report
2024-04-12 12:10:16,155 DEBUG   HandlerThread:2986366 [handler.py:handle_request():146] handle_request: keepalive
2024-04-12 12:10:17,697 DEBUG   HandlerThread:2986366 [handler.py:handle_request():146] handle_request: status_report
2024-04-12 12:10:21,102 DEBUG   HandlerThread:2986366 [handler.py:handle_request():146] handle_request: internal_messages
2024-04-12 12:10:22,698 DEBUG   HandlerThread:2986366 [handler.py:handle_request():146] handle_request: status_report
2024-04-12 12:10:26,156 DEBUG   HandlerThread:2986366 [handler.py:handle_request():146] handle_request: keepalive
2024-04-12 12:10:27,699 DEBUG   HandlerThread:2986366 [handler.py:handle_request():146] handle_request: status_report
2024-04-12 12:10:31,158 DEBUG   HandlerThread:2986366 [handler.py:handle_request():146] handle_request: keepalive
2024-04-12 12:10:31,696 DEBUG   SenderThread:2986366 [sender.py:send():378] send: stats
2024-04-12 12:10:33,697 DEBUG   HandlerThread:2986366 [handler.py:handle_request():146] handle_request: status_report
2024-04-12 12:10:36,102 DEBUG   HandlerThread:2986366 [handler.py:handle_request():146] handle_request: internal_messages
2024-04-12 12:10:38,698 DEBUG   HandlerThread:2986366 [handler.py:handle_request():146] handle_request: status_report
2024-04-12 12:10:41,160 DEBUG   HandlerThread:2986366 [handler.py:handle_request():146] handle_request: keepalive
2024-04-12 12:10:43,699 DEBUG   HandlerThread:2986366 [handler.py:handle_request():146] handle_request: status_report
2024-04-12 12:10:46,161 DEBUG   HandlerThread:2986366 [handler.py:handle_request():146] handle_request: keepalive
2024-04-12 12:10:48,700 DEBUG   HandlerThread:2986366 [handler.py:handle_request():146] handle_request: status_report
2024-04-12 12:10:51,102 DEBUG   HandlerThread:2986366 [handler.py:handle_request():146] handle_request: internal_messages
2024-04-12 12:10:53,701 DEBUG   HandlerThread:2986366 [handler.py:handle_request():146] handle_request: status_report
2024-04-12 12:10:56,162 DEBUG   HandlerThread:2986366 [handler.py:handle_request():146] handle_request: keepalive
2024-04-12 12:10:58,702 DEBUG   HandlerThread:2986366 [handler.py:handle_request():146] handle_request: status_report
2024-04-12 12:11:01,163 DEBUG   HandlerThread:2986366 [handler.py:handle_request():146] handle_request: keepalive
2024-04-12 12:11:01,699 DEBUG   SenderThread:2986366 [sender.py:send():378] send: stats
2024-04-12 12:11:04,701 DEBUG   HandlerThread:2986366 [handler.py:handle_request():146] handle_request: status_report
2024-04-12 12:11:06,102 DEBUG   HandlerThread:2986366 [handler.py:handle_request():146] handle_request: internal_messages
2024-04-12 12:11:09,703 DEBUG   HandlerThread:2986366 [handler.py:handle_request():146] handle_request: status_report
2024-04-12 12:11:11,165 DEBUG   HandlerThread:2986366 [handler.py:handle_request():146] handle_request: keepalive
2024-04-12 12:11:14,703 DEBUG   HandlerThread:2986366 [handler.py:handle_request():146] handle_request: status_report
2024-04-12 12:11:16,166 DEBUG   HandlerThread:2986366 [handler.py:handle_request():146] handle_request: keepalive
2024-04-12 12:11:19,704 DEBUG   HandlerThread:2986366 [handler.py:handle_request():146] handle_request: status_report
2024-04-12 12:11:21,103 DEBUG   HandlerThread:2986366 [handler.py:handle_request():146] handle_request: internal_messages
2024-04-12 12:11:24,705 DEBUG   HandlerThread:2986366 [handler.py:handle_request():146] handle_request: status_report
2024-04-12 12:11:26,168 DEBUG   HandlerThread:2986366 [handler.py:handle_request():146] handle_request: keepalive
2024-04-12 12:11:29,706 DEBUG   HandlerThread:2986366 [handler.py:handle_request():146] handle_request: status_report
2024-04-12 12:11:31,169 DEBUG   HandlerThread:2986366 [handler.py:handle_request():146] handle_request: keepalive
2024-04-12 12:11:31,702 DEBUG   SenderThread:2986366 [sender.py:send():378] send: stats
2024-04-12 12:11:35,703 DEBUG   HandlerThread:2986366 [handler.py:handle_request():146] handle_request: status_report
2024-04-12 12:11:36,102 DEBUG   HandlerThread:2986366 [handler.py:handle_request():146] handle_request: internal_messages
2024-04-12 12:11:40,704 DEBUG   HandlerThread:2986366 [handler.py:handle_request():146] handle_request: status_report
2024-04-12 12:11:41,171 DEBUG   HandlerThread:2986366 [handler.py:handle_request():146] handle_request: keepalive
2024-04-12 12:11:45,705 DEBUG   HandlerThread:2986366 [handler.py:handle_request():146] handle_request: status_report
2024-04-12 12:11:46,172 DEBUG   HandlerThread:2986366 [handler.py:handle_request():146] handle_request: keepalive
2024-04-12 12:11:50,706 DEBUG   HandlerThread:2986366 [handler.py:handle_request():146] handle_request: status_report
2024-04-12 12:11:51,103 DEBUG   HandlerThread:2986366 [handler.py:handle_request():146] handle_request: internal_messages
2024-04-12 12:11:55,706 DEBUG   HandlerThread:2986366 [handler.py:handle_request():146] handle_request: status_report
2024-04-12 12:11:56,173 DEBUG   HandlerThread:2986366 [handler.py:handle_request():146] handle_request: keepalive
2024-04-12 12:12:00,707 DEBUG   HandlerThread:2986366 [handler.py:handle_request():146] handle_request: status_report
2024-04-12 12:12:01,174 DEBUG   HandlerThread:2986366 [handler.py:handle_request():146] handle_request: keepalive
2024-04-12 12:12:01,704 DEBUG   SenderThread:2986366 [sender.py:send():378] send: stats
2024-04-12 12:12:06,103 DEBUG   HandlerThread:2986366 [handler.py:handle_request():146] handle_request: internal_messages
2024-04-12 12:12:06,705 DEBUG   HandlerThread:2986366 [handler.py:handle_request():146] handle_request: status_report
2024-04-12 12:12:11,176 DEBUG   HandlerThread:2986366 [handler.py:handle_request():146] handle_request: keepalive
2024-04-12 12:12:11,706 DEBUG   HandlerThread:2986366 [handler.py:handle_request():146] handle_request: status_report
2024-04-12 12:12:16,177 DEBUG   HandlerThread:2986366 [handler.py:handle_request():146] handle_request: keepalive
2024-04-12 12:12:16,707 DEBUG   HandlerThread:2986366 [handler.py:handle_request():146] handle_request: status_report
2024-04-12 12:12:21,103 DEBUG   HandlerThread:2986366 [handler.py:handle_request():146] handle_request: internal_messages
2024-04-12 12:12:21,708 DEBUG   HandlerThread:2986366 [handler.py:handle_request():146] handle_request: status_report
2024-04-12 12:12:26,179 DEBUG   HandlerThread:2986366 [handler.py:handle_request():146] handle_request: keepalive
2024-04-12 12:12:26,709 DEBUG   HandlerThread:2986366 [handler.py:handle_request():146] handle_request: status_report
2024-04-12 12:12:31,180 DEBUG   HandlerThread:2986366 [handler.py:handle_request():146] handle_request: keepalive
2024-04-12 12:12:31,705 DEBUG   SenderThread:2986366 [sender.py:send():378] send: stats
2024-04-12 12:12:32,706 DEBUG   HandlerThread:2986366 [handler.py:handle_request():146] handle_request: status_report
2024-04-12 12:12:36,103 DEBUG   HandlerThread:2986366 [handler.py:handle_request():146] handle_request: internal_messages
2024-04-12 12:12:37,707 DEBUG   HandlerThread:2986366 [handler.py:handle_request():146] handle_request: status_report
2024-04-12 12:12:41,182 DEBUG   HandlerThread:2986366 [handler.py:handle_request():146] handle_request: keepalive
2024-04-12 12:12:42,708 DEBUG   HandlerThread:2986366 [handler.py:handle_request():146] handle_request: status_report
2024-04-12 12:12:46,184 DEBUG   HandlerThread:2986366 [handler.py:handle_request():146] handle_request: keepalive
2024-04-12 12:12:47,709 DEBUG   HandlerThread:2986366 [handler.py:handle_request():146] handle_request: status_report
2024-04-12 12:12:51,103 DEBUG   HandlerThread:2986366 [handler.py:handle_request():146] handle_request: internal_messages
2024-04-12 12:12:52,710 DEBUG   HandlerThread:2986366 [handler.py:handle_request():146] handle_request: status_report
2024-04-12 12:12:56,186 DEBUG   HandlerThread:2986366 [handler.py:handle_request():146] handle_request: keepalive
2024-04-12 12:12:57,711 DEBUG   HandlerThread:2986366 [handler.py:handle_request():146] handle_request: status_report
2024-04-12 12:13:01,186 DEBUG   HandlerThread:2986366 [handler.py:handle_request():146] handle_request: keepalive
2024-04-12 12:13:01,710 DEBUG   SenderThread:2986366 [sender.py:send():378] send: stats
2024-04-12 12:13:02,712 DEBUG   HandlerThread:2986366 [handler.py:handle_request():146] handle_request: status_report
2024-04-12 12:13:06,103 DEBUG   HandlerThread:2986366 [handler.py:handle_request():146] handle_request: internal_messages
2024-04-12 12:13:07,713 DEBUG   HandlerThread:2986366 [handler.py:handle_request():146] handle_request: status_report
2024-04-12 12:13:11,189 DEBUG   HandlerThread:2986366 [handler.py:handle_request():146] handle_request: keepalive
2024-04-12 12:13:12,714 DEBUG   HandlerThread:2986366 [handler.py:handle_request():146] handle_request: status_report
2024-04-12 12:13:16,190 DEBUG   HandlerThread:2986366 [handler.py:handle_request():146] handle_request: keepalive
2024-04-12 12:13:17,715 DEBUG   HandlerThread:2986366 [handler.py:handle_request():146] handle_request: status_report
2024-04-12 12:13:21,103 DEBUG   HandlerThread:2986366 [handler.py:handle_request():146] handle_request: internal_messages
2024-04-12 12:13:22,715 DEBUG   HandlerThread:2986366 [handler.py:handle_request():146] handle_request: status_report
2024-04-12 12:13:26,192 DEBUG   HandlerThread:2986366 [handler.py:handle_request():146] handle_request: keepalive
2024-04-12 12:13:27,716 DEBUG   HandlerThread:2986366 [handler.py:handle_request():146] handle_request: status_report
2024-04-12 12:13:31,193 DEBUG   HandlerThread:2986366 [handler.py:handle_request():146] handle_request: keepalive
2024-04-12 12:13:31,712 DEBUG   SenderThread:2986366 [sender.py:send():378] send: stats
2024-04-12 12:13:33,714 DEBUG   HandlerThread:2986366 [handler.py:handle_request():146] handle_request: status_report
2024-04-12 12:13:36,103 DEBUG   HandlerThread:2986366 [handler.py:handle_request():146] handle_request: internal_messages
2024-04-12 12:13:38,714 DEBUG   HandlerThread:2986366 [handler.py:handle_request():146] handle_request: status_report
2024-04-12 12:13:41,195 DEBUG   HandlerThread:2986366 [handler.py:handle_request():146] handle_request: keepalive
2024-04-12 12:13:43,715 DEBUG   HandlerThread:2986366 [handler.py:handle_request():146] handle_request: status_report
2024-04-12 12:13:46,196 DEBUG   HandlerThread:2986366 [handler.py:handle_request():146] handle_request: keepalive
2024-04-12 12:13:48,716 DEBUG   HandlerThread:2986366 [handler.py:handle_request():146] handle_request: status_report
2024-04-12 12:13:51,104 DEBUG   HandlerThread:2986366 [handler.py:handle_request():146] handle_request: internal_messages
2024-04-12 12:13:53,717 DEBUG   HandlerThread:2986366 [handler.py:handle_request():146] handle_request: status_report
2024-04-12 12:13:56,198 DEBUG   HandlerThread:2986366 [handler.py:handle_request():146] handle_request: keepalive
2024-04-12 12:13:58,718 DEBUG   HandlerThread:2986366 [handler.py:handle_request():146] handle_request: status_report
2024-04-12 12:14:01,199 DEBUG   HandlerThread:2986366 [handler.py:handle_request():146] handle_request: keepalive
2024-04-12 12:14:01,715 DEBUG   SenderThread:2986366 [sender.py:send():378] send: stats
2024-04-12 12:14:04,716 DEBUG   HandlerThread:2986366 [handler.py:handle_request():146] handle_request: status_report
2024-04-12 12:14:06,104 DEBUG   HandlerThread:2986366 [handler.py:handle_request():146] handle_request: internal_messages
2024-04-12 12:14:09,717 DEBUG   HandlerThread:2986366 [handler.py:handle_request():146] handle_request: status_report
2024-04-12 12:14:11,201 DEBUG   HandlerThread:2986366 [handler.py:handle_request():146] handle_request: keepalive
2024-04-12 12:14:14,718 DEBUG   HandlerThread:2986366 [handler.py:handle_request():146] handle_request: status_report
2024-04-12 12:14:16,202 DEBUG   HandlerThread:2986366 [handler.py:handle_request():146] handle_request: keepalive
2024-04-12 12:14:19,719 DEBUG   HandlerThread:2986366 [handler.py:handle_request():146] handle_request: status_report
2024-04-12 12:14:21,104 DEBUG   HandlerThread:2986366 [handler.py:handle_request():146] handle_request: internal_messages
2024-04-12 12:14:24,720 DEBUG   HandlerThread:2986366 [handler.py:handle_request():146] handle_request: status_report
2024-04-12 12:14:26,204 DEBUG   HandlerThread:2986366 [handler.py:handle_request():146] handle_request: keepalive
2024-04-12 12:14:29,721 DEBUG   HandlerThread:2986366 [handler.py:handle_request():146] handle_request: status_report
2024-04-12 12:14:31,209 DEBUG   HandlerThread:2986366 [handler.py:handle_request():146] handle_request: keepalive
2024-04-12 12:14:31,717 DEBUG   SenderThread:2986366 [sender.py:send():378] send: stats
2024-04-12 12:14:35,718 DEBUG   HandlerThread:2986366 [handler.py:handle_request():146] handle_request: status_report
2024-04-12 12:14:36,104 DEBUG   HandlerThread:2986366 [handler.py:handle_request():146] handle_request: internal_messages
2024-04-12 12:14:40,719 DEBUG   HandlerThread:2986366 [handler.py:handle_request():146] handle_request: status_report
2024-04-12 12:14:41,210 DEBUG   HandlerThread:2986366 [handler.py:handle_request():146] handle_request: keepalive
2024-04-12 12:14:45,720 DEBUG   HandlerThread:2986366 [handler.py:handle_request():146] handle_request: status_report
2024-04-12 12:14:46,211 DEBUG   HandlerThread:2986366 [handler.py:handle_request():146] handle_request: keepalive
2024-04-12 12:14:50,721 DEBUG   HandlerThread:2986366 [handler.py:handle_request():146] handle_request: status_report
2024-04-12 12:14:51,104 DEBUG   HandlerThread:2986366 [handler.py:handle_request():146] handle_request: internal_messages
2024-04-12 12:14:55,721 DEBUG   HandlerThread:2986366 [handler.py:handle_request():146] handle_request: status_report
2024-04-12 12:14:56,213 DEBUG   HandlerThread:2986366 [handler.py:handle_request():146] handle_request: keepalive
2024-04-12 12:15:00,722 DEBUG   HandlerThread:2986366 [handler.py:handle_request():146] handle_request: status_report
2024-04-12 12:15:01,214 DEBUG   HandlerThread:2986366 [handler.py:handle_request():146] handle_request: keepalive
2024-04-12 12:15:01,721 DEBUG   SenderThread:2986366 [sender.py:send():378] send: stats
2024-04-12 12:15:05,722 DEBUG   HandlerThread:2986366 [handler.py:handle_request():146] handle_request: status_report
2024-04-12 12:15:06,105 DEBUG   HandlerThread:2986366 [handler.py:handle_request():146] handle_request: internal_messages
2024-04-12 12:15:10,723 DEBUG   HandlerThread:2986366 [handler.py:handle_request():146] handle_request: status_report
2024-04-12 12:15:11,216 DEBUG   HandlerThread:2986366 [handler.py:handle_request():146] handle_request: keepalive
2024-04-12 12:15:15,724 DEBUG   HandlerThread:2986366 [handler.py:handle_request():146] handle_request: status_report
2024-04-12 12:15:16,217 DEBUG   HandlerThread:2986366 [handler.py:handle_request():146] handle_request: keepalive
2024-04-12 12:15:20,725 DEBUG   HandlerThread:2986366 [handler.py:handle_request():146] handle_request: status_report
2024-04-12 12:15:21,104 DEBUG   HandlerThread:2986366 [handler.py:handle_request():146] handle_request: internal_messages
2024-04-12 12:15:25,726 DEBUG   HandlerThread:2986366 [handler.py:handle_request():146] handle_request: status_report
2024-04-12 12:15:26,219 DEBUG   HandlerThread:2986366 [handler.py:handle_request():146] handle_request: keepalive
2024-04-12 12:15:30,727 DEBUG   HandlerThread:2986366 [handler.py:handle_request():146] handle_request: status_report
2024-04-12 12:15:31,220 DEBUG   HandlerThread:2986366 [handler.py:handle_request():146] handle_request: keepalive
2024-04-12 12:15:31,788 DEBUG   SenderThread:2986366 [sender.py:send():378] send: stats
2024-04-12 12:15:35,790 DEBUG   HandlerThread:2986366 [handler.py:handle_request():146] handle_request: status_report
2024-04-12 12:15:36,104 DEBUG   HandlerThread:2986366 [handler.py:handle_request():146] handle_request: internal_messages
2024-04-12 12:15:40,791 DEBUG   HandlerThread:2986366 [handler.py:handle_request():146] handle_request: status_report
2024-04-12 12:15:41,222 DEBUG   HandlerThread:2986366 [handler.py:handle_request():146] handle_request: keepalive
2024-04-12 12:15:45,791 DEBUG   HandlerThread:2986366 [handler.py:handle_request():146] handle_request: status_report
2024-04-12 12:15:46,223 DEBUG   HandlerThread:2986366 [handler.py:handle_request():146] handle_request: keepalive
2024-04-12 12:15:50,792 DEBUG   HandlerThread:2986366 [handler.py:handle_request():146] handle_request: status_report
2024-04-12 12:15:51,105 DEBUG   HandlerThread:2986366 [handler.py:handle_request():146] handle_request: internal_messages
2024-04-12 12:15:55,793 DEBUG   HandlerThread:2986366 [handler.py:handle_request():146] handle_request: status_report
2024-04-12 12:15:56,225 DEBUG   HandlerThread:2986366 [handler.py:handle_request():146] handle_request: keepalive
2024-04-12 12:16:00,794 DEBUG   HandlerThread:2986366 [handler.py:handle_request():146] handle_request: status_report
2024-04-12 12:16:01,226 DEBUG   HandlerThread:2986366 [handler.py:handle_request():146] handle_request: keepalive
2024-04-12 12:16:01,728 DEBUG   SenderThread:2986366 [sender.py:send():378] send: stats
2024-04-12 12:16:06,105 DEBUG   HandlerThread:2986366 [handler.py:handle_request():146] handle_request: internal_messages
2024-04-12 12:16:06,731 DEBUG   HandlerThread:2986366 [handler.py:handle_request():146] handle_request: status_report
2024-04-12 12:16:11,228 DEBUG   HandlerThread:2986366 [handler.py:handle_request():146] handle_request: keepalive
2024-04-12 12:16:11,732 DEBUG   HandlerThread:2986366 [handler.py:handle_request():146] handle_request: status_report
2024-04-12 12:16:16,229 DEBUG   HandlerThread:2986366 [handler.py:handle_request():146] handle_request: keepalive
2024-04-12 12:16:16,733 DEBUG   HandlerThread:2986366 [handler.py:handle_request():146] handle_request: status_report
2024-04-12 12:16:21,105 DEBUG   HandlerThread:2986366 [handler.py:handle_request():146] handle_request: internal_messages
2024-04-12 12:16:21,734 DEBUG   HandlerThread:2986366 [handler.py:handle_request():146] handle_request: status_report
2024-04-12 12:16:26,231 DEBUG   HandlerThread:2986366 [handler.py:handle_request():146] handle_request: keepalive
2024-04-12 12:16:26,735 DEBUG   HandlerThread:2986366 [handler.py:handle_request():146] handle_request: status_report
2024-04-12 12:16:31,232 DEBUG   HandlerThread:2986366 [handler.py:handle_request():146] handle_request: keepalive
2024-04-12 12:16:31,730 DEBUG   SenderThread:2986366 [sender.py:send():378] send: stats
2024-04-12 12:16:32,732 DEBUG   HandlerThread:2986366 [handler.py:handle_request():146] handle_request: status_report
2024-04-12 12:16:36,105 DEBUG   HandlerThread:2986366 [handler.py:handle_request():146] handle_request: internal_messages
2024-04-12 12:16:37,732 DEBUG   HandlerThread:2986366 [handler.py:handle_request():146] handle_request: status_report
2024-04-12 12:16:41,234 DEBUG   HandlerThread:2986366 [handler.py:handle_request():146] handle_request: keepalive
2024-04-12 12:16:42,733 DEBUG   HandlerThread:2986366 [handler.py:handle_request():146] handle_request: status_report
2024-04-12 12:16:46,235 DEBUG   HandlerThread:2986366 [handler.py:handle_request():146] handle_request: keepalive
2024-04-12 12:16:47,734 DEBUG   HandlerThread:2986366 [handler.py:handle_request():146] handle_request: status_report
2024-04-12 12:16:51,105 DEBUG   HandlerThread:2986366 [handler.py:handle_request():146] handle_request: internal_messages
2024-04-12 12:16:52,735 DEBUG   HandlerThread:2986366 [handler.py:handle_request():146] handle_request: status_report
2024-04-12 12:16:56,236 DEBUG   HandlerThread:2986366 [handler.py:handle_request():146] handle_request: keepalive
2024-04-12 12:16:57,735 DEBUG   HandlerThread:2986366 [handler.py:handle_request():146] handle_request: status_report
2024-04-12 12:17:01,237 DEBUG   HandlerThread:2986366 [handler.py:handle_request():146] handle_request: keepalive
2024-04-12 12:17:01,732 DEBUG   SenderThread:2986366 [sender.py:send():378] send: stats
2024-04-12 12:17:03,733 DEBUG   HandlerThread:2986366 [handler.py:handle_request():146] handle_request: status_report
2024-04-12 12:17:06,105 DEBUG   HandlerThread:2986366 [handler.py:handle_request():146] handle_request: internal_messages
2024-04-12 12:17:08,734 DEBUG   HandlerThread:2986366 [handler.py:handle_request():146] handle_request: status_report
2024-04-12 12:17:11,239 DEBUG   HandlerThread:2986366 [handler.py:handle_request():146] handle_request: keepalive
2024-04-12 12:17:13,735 DEBUG   HandlerThread:2986366 [handler.py:handle_request():146] handle_request: status_report
2024-04-12 12:17:16,240 DEBUG   HandlerThread:2986366 [handler.py:handle_request():146] handle_request: keepalive
2024-04-12 12:17:18,735 DEBUG   HandlerThread:2986366 [handler.py:handle_request():146] handle_request: status_report
2024-04-12 12:17:21,105 DEBUG   HandlerThread:2986366 [handler.py:handle_request():146] handle_request: internal_messages
2024-04-12 12:17:23,736 DEBUG   HandlerThread:2986366 [handler.py:handle_request():146] handle_request: status_report
2024-04-12 12:17:26,242 DEBUG   HandlerThread:2986366 [handler.py:handle_request():146] handle_request: keepalive
2024-04-12 12:17:28,737 DEBUG   HandlerThread:2986366 [handler.py:handle_request():146] handle_request: status_report
2024-04-12 12:17:31,243 DEBUG   HandlerThread:2986366 [handler.py:handle_request():146] handle_request: keepalive
2024-04-12 12:17:31,736 DEBUG   SenderThread:2986366 [sender.py:send():378] send: stats
2024-04-12 12:17:34,737 DEBUG   HandlerThread:2986366 [handler.py:handle_request():146] handle_request: status_report
2024-04-12 12:17:36,106 DEBUG   HandlerThread:2986366 [handler.py:handle_request():146] handle_request: internal_messages
2024-04-12 12:17:39,738 DEBUG   HandlerThread:2986366 [handler.py:handle_request():146] handle_request: status_report
2024-04-12 12:17:41,245 DEBUG   HandlerThread:2986366 [handler.py:handle_request():146] handle_request: keepalive
2024-04-12 12:17:44,739 DEBUG   HandlerThread:2986366 [handler.py:handle_request():146] handle_request: status_report
2024-04-12 12:17:46,246 DEBUG   HandlerThread:2986366 [handler.py:handle_request():146] handle_request: keepalive
2024-04-12 12:17:49,740 DEBUG   HandlerThread:2986366 [handler.py:handle_request():146] handle_request: status_report
2024-04-12 12:17:51,108 DEBUG   HandlerThread:2986366 [handler.py:handle_request():146] handle_request: internal_messages
2024-04-12 12:17:54,741 DEBUG   HandlerThread:2986366 [handler.py:handle_request():146] handle_request: status_report
2024-04-12 12:17:56,247 DEBUG   HandlerThread:2986366 [handler.py:handle_request():146] handle_request: keepalive
2024-04-12 12:17:59,741 DEBUG   HandlerThread:2986366 [handler.py:handle_request():146] handle_request: status_report
2024-04-12 12:18:01,249 DEBUG   HandlerThread:2986366 [handler.py:handle_request():146] handle_request: keepalive
2024-04-12 12:18:01,741 DEBUG   SenderThread:2986366 [sender.py:send():378] send: stats
2024-04-12 12:18:04,744 DEBUG   HandlerThread:2986366 [handler.py:handle_request():146] handle_request: status_report
2024-04-12 12:18:06,106 DEBUG   HandlerThread:2986366 [handler.py:handle_request():146] handle_request: internal_messages
2024-04-12 12:18:09,745 DEBUG   HandlerThread:2986366 [handler.py:handle_request():146] handle_request: status_report
2024-04-12 12:18:11,251 DEBUG   HandlerThread:2986366 [handler.py:handle_request():146] handle_request: keepalive
2024-04-12 12:18:14,746 DEBUG   HandlerThread:2986366 [handler.py:handle_request():146] handle_request: status_report
2024-04-12 12:18:16,252 DEBUG   HandlerThread:2986366 [handler.py:handle_request():146] handle_request: keepalive
2024-04-12 12:18:19,746 DEBUG   HandlerThread:2986366 [handler.py:handle_request():146] handle_request: status_report
2024-04-12 12:18:21,106 DEBUG   HandlerThread:2986366 [handler.py:handle_request():146] handle_request: internal_messages
2024-04-12 12:18:24,747 DEBUG   HandlerThread:2986366 [handler.py:handle_request():146] handle_request: status_report
2024-04-12 12:18:26,254 DEBUG   HandlerThread:2986366 [handler.py:handle_request():146] handle_request: keepalive
2024-04-12 12:18:29,748 DEBUG   HandlerThread:2986366 [handler.py:handle_request():146] handle_request: status_report
2024-04-12 12:18:31,255 DEBUG   HandlerThread:2986366 [handler.py:handle_request():146] handle_request: keepalive
2024-04-12 12:18:31,743 DEBUG   SenderThread:2986366 [sender.py:send():378] send: stats
2024-04-12 12:18:35,744 DEBUG   HandlerThread:2986366 [handler.py:handle_request():146] handle_request: status_report
2024-04-12 12:18:36,106 DEBUG   HandlerThread:2986366 [handler.py:handle_request():146] handle_request: internal_messages
2024-04-12 12:18:40,746 DEBUG   HandlerThread:2986366 [handler.py:handle_request():146] handle_request: status_report
2024-04-12 12:18:41,257 DEBUG   HandlerThread:2986366 [handler.py:handle_request():146] handle_request: keepalive
2024-04-12 12:18:45,747 DEBUG   HandlerThread:2986366 [handler.py:handle_request():146] handle_request: status_report
2024-04-12 12:18:46,258 DEBUG   HandlerThread:2986366 [handler.py:handle_request():146] handle_request: keepalive
2024-04-12 12:18:50,747 DEBUG   HandlerThread:2986366 [handler.py:handle_request():146] handle_request: status_report
2024-04-12 12:18:51,106 DEBUG   HandlerThread:2986366 [handler.py:handle_request():146] handle_request: internal_messages
2024-04-12 12:18:55,749 DEBUG   HandlerThread:2986366 [handler.py:handle_request():146] handle_request: status_report
2024-04-12 12:18:56,260 DEBUG   HandlerThread:2986366 [handler.py:handle_request():146] handle_request: keepalive
2024-04-12 12:19:00,750 DEBUG   HandlerThread:2986366 [handler.py:handle_request():146] handle_request: status_report
2024-04-12 12:19:01,261 DEBUG   HandlerThread:2986366 [handler.py:handle_request():146] handle_request: keepalive
2024-04-12 12:19:01,745 DEBUG   SenderThread:2986366 [sender.py:send():378] send: stats
2024-04-12 12:19:06,106 DEBUG   HandlerThread:2986366 [handler.py:handle_request():146] handle_request: internal_messages
2024-04-12 12:19:06,747 DEBUG   HandlerThread:2986366 [handler.py:handle_request():146] handle_request: status_report
2024-04-12 12:19:11,263 DEBUG   HandlerThread:2986366 [handler.py:handle_request():146] handle_request: keepalive
2024-04-12 12:19:11,748 DEBUG   HandlerThread:2986366 [handler.py:handle_request():146] handle_request: status_report
2024-04-12 12:19:16,264 DEBUG   HandlerThread:2986366 [handler.py:handle_request():146] handle_request: keepalive
2024-04-12 12:19:16,748 DEBUG   HandlerThread:2986366 [handler.py:handle_request():146] handle_request: status_report
2024-04-12 12:19:21,106 DEBUG   HandlerThread:2986366 [handler.py:handle_request():146] handle_request: internal_messages
2024-04-12 12:19:21,749 DEBUG   HandlerThread:2986366 [handler.py:handle_request():146] handle_request: status_report
2024-04-12 12:19:26,266 DEBUG   HandlerThread:2986366 [handler.py:handle_request():146] handle_request: keepalive
2024-04-12 12:19:26,750 DEBUG   HandlerThread:2986366 [handler.py:handle_request():146] handle_request: status_report
2024-04-12 12:19:31,267 DEBUG   HandlerThread:2986366 [handler.py:handle_request():146] handle_request: keepalive
2024-04-12 12:19:31,747 DEBUG   SenderThread:2986366 [sender.py:send():378] send: stats
2024-04-12 12:19:32,748 DEBUG   HandlerThread:2986366 [handler.py:handle_request():146] handle_request: status_report
2024-04-12 12:19:36,107 DEBUG   HandlerThread:2986366 [handler.py:handle_request():146] handle_request: internal_messages
2024-04-12 12:19:37,749 DEBUG   HandlerThread:2986366 [handler.py:handle_request():146] handle_request: status_report
2024-04-12 12:19:41,269 DEBUG   HandlerThread:2986366 [handler.py:handle_request():146] handle_request: keepalive
2024-04-12 12:19:42,750 DEBUG   HandlerThread:2986366 [handler.py:handle_request():146] handle_request: status_report
